<?xml version="1.0" encoding="UTF-8"?>
<!-- Generated by org.testng.reporters.JUnitXMLReporter -->
<testsuite hostname="LAPTOP-KEERTHI" ignored="0" name="Default test" tests="4" failures="0" timestamp="2020-07-10T15:26:38 IST" time="25.73" errors="0">
  <testcase name="setUp" time="12.977" classname="Test.loginTravelTest"/>
  <testcase name="TestLogin" time="10.612" classname="Test.loginTravelTest"/>
  <testcase name="TestAssertLogin" time="0.07" classname="Test.loginTravelTest"/>
  <testcase name="teardown" time="1.97" classname="Test.loginTravelTest"/>
</testsuite> <!-- Default test -->
