<?xml version="1.0" encoding="UTF-8"?>
<testng-results skipped="0" failed="0" ignored="0" total="4" passed="4">
  <reporter-output>
  </reporter-output>
  <suite name="Default suite" duration-ms="25730" started-at="2020-07-10T15:26:12 IST" finished-at="2020-07-10T15:26:38 IST">
    <groups>
    </groups>
    <test name="Default test" duration-ms="25730" started-at="2020-07-10T15:26:12 IST" finished-at="2020-07-10T15:26:38 IST">
      <class name="Test.loginTravelTest">
        <test-method status="PASS" signature="setUp()[pri:1, instance:Test.loginTravelTest@2833cc44]" name="setUp" duration-ms="12977" started-at="2020-07-10T15:26:12 IST" finished-at="2020-07-10T15:26:25 IST">
          <reporter-output>
          </reporter-output>
        </test-method> <!-- setUp -->
        <test-method status="PASS" signature="TestLogin()[pri:2, instance:Test.loginTravelTest@2833cc44]" name="TestLogin" duration-ms="10612" started-at="2020-07-10T15:26:25 IST" finished-at="2020-07-10T15:26:36 IST">
          <reporter-output>
          </reporter-output>
        </test-method> <!-- TestLogin -->
        <test-method status="PASS" signature="TestAssertLogin()[pri:3, instance:Test.loginTravelTest@2833cc44]" name="TestAssertLogin" duration-ms="70" started-at="2020-07-10T15:26:36 IST" finished-at="2020-07-10T15:26:36 IST">
          <reporter-output>
          </reporter-output>
        </test-method> <!-- TestAssertLogin -->
        <test-method status="PASS" signature="teardown()[pri:4, instance:Test.loginTravelTest@2833cc44]" name="teardown" duration-ms="1970" started-at="2020-07-10T15:26:36 IST" finished-at="2020-07-10T15:26:38 IST">
          <reporter-output>
          </reporter-output>
        </test-method> <!-- teardown -->
      </class> <!-- Test.loginTravelTest -->
    </test> <!-- Default test -->
  </suite> <!-- Default suite -->
</testng-results>
